#
# A fatal error has been detected by the Java Runtime Environment:
#
#  Internal Error (constantTag.cpp:59), pid=10232, tid=0x00003658
#  Error: ShouldNotReachHere()
#
# JRE version: Java(TM) SE Runtime Environment (8.0_181-b13) (build 1.8.0_181-b13)
# Java VM: Java HotSpot(TM) Client VM (25.181-b13 mixed mode windows-x86 )
# Failed to write core dump. Minidumps are not enabled by default on client versions of Windows
#
# If you would like to submit a bug report, please visit:
#   http://bugreport.java.com/bugreport/crash.jsp
#

---------------  T H R E A D  ---------------

Current thread (0x1427bc00):  VMThread [stack: 0x00ec0000,0x00f10000] [id=13912]

Stack: [0x00ec0000,0x00f10000],  sp=0x00f0f40c,  free space=317k
Native frames: (J=compiled Java code, j=interpreted, Vv=VM code, C=native code)
V  [jvm.dll+0x1accfb]
V  [jvm.dll+0x1a5474]
V  [jvm.dll+0x1a5083]
V  [jvm.dll+0xb45f5]
V  [jvm.dll+0xb50fb]
V  [jvm.dll+0xb63ec]
V  [jvm.dll+0xb6762]
V  [jvm.dll+0x87af1]
V  [jvm.dll+0x8817d]
V  [jvm.dll+0x882c8]
V  [jvm.dll+0x88518]
V  [jvm.dll+0xbeb6f]
V  [jvm.dll+0xce94b]
V  [jvm.dll+0x12389d]
V  [jvm.dll+0x184b5b]
V  [jvm.dll+0x183f71]
V  [jvm.dll+0x184387]
V  [jvm.dll+0x184582]
V  [jvm.dll+0x1c5416]
C  [msvcr100.dll+0x5c556]
C  [msvcr100.dll+0x5c600]
C  [kernel32.dll+0x4ef3c]
C  [ntdll.dll+0x63618]
C  [ntdll.dll+0x635eb]

VM_Operation (0x1492f1d0): GetOrSetLocal, mode: safepoint, requested by thread 0x142c8c00


---------------  P R O C E S S  ---------------

Java Threads: ( => current thread )
  0x14d69800 JavaThread "Okio Watchdog" daemon [_thread_blocked, id=12132, stack(0x15380000,0x153d0000)]
  0x1576f800 JavaThread "OkHttp ConnectionPool" daemon [_thread_blocked, id=11248, stack(0x149c0000,0x14a10000)]
  0x14ea2800 JavaThread "Exec Stream Pumper" daemon [_thread_in_native, id=11816, stack(0x155f0000,0x15640000)]
  0x14ea0000 JavaThread "Exec Stream Pumper" daemon [_thread_in_native, id=10200, stack(0x14750000,0x147a0000)]
  0x14e63c00 JavaThread "Exec Default Executor" daemon [_thread_in_native, id=8548, stack(0x15470000,0x154c0000)]
  0x14bd0400 JavaThread "ReaderThread" [_thread_in_native, id=11440, stack(0x14800000,0x14850000)]
  0x142dd800 JavaThread "Service Thread" daemon [_thread_blocked, id=13204, stack(0x144d0000,0x14520000)]
  0x142d9400 JavaThread "C1 CompilerThread0" daemon [_thread_blocked, id=9700, stack(0x14a60000,0x14ab0000)]
  0x142ccc00 JavaThread "JDWP Command Reader" daemon [_thread_in_native, id=8648, stack(0x14a10000,0x14a60000)]
  0x142cc000 JavaThread "JDWP Event Helper Thread" daemon [_thread_blocked, id=3264, stack(0x14950000,0x149a0000)]
  0x142c8c00 JavaThread "JDWP Transport Listener: dt_socket" daemon [_thread_blocked, id=11208, stack(0x148e0000,0x14930000)]
  0x142bb400 JavaThread "Attach Listener" daemon [_thread_blocked, id=11284, stack(0x14520000,0x14570000)]
  0x142be400 JavaThread "Signal Dispatcher" daemon [_thread_blocked, id=7920, stack(0x14470000,0x144c0000)]
  0x142aa800 JavaThread "Finalizer" daemon [_thread_blocked, id=9388, stack(0x00fb0000,0x01000000)]
  0x14284800 JavaThread "Reference Handler" daemon [_thread_blocked, id=8496, stack(0x01070000,0x010c0000)]
  0x00bbe800 JavaThread "main" [_thread_blocked, id=10700, stack(0x00530000,0x00580000)]

Other Threads:
=>0x1427bc00 VMThread [stack: 0x00ec0000,0x00f10000] [id=13912]
  0x14309c00 WatcherThread [stack: 0x145d0000,0x14620000] [id=13984]

VM state:at safepoint (normal execution)

VM Mutex/Monitor currently owned by a thread:  ([mutex/lock_event])
[0x00bbcc28] Threads_lock - owner thread: 0x1427bc00

Heap:
 def new generation   total 4928K, used 3712K [0x03e00000, 0x04350000, 0x09350000)
  eden space 4416K,  72% used [0x03e00000, 0x04120078, 0x04250000)
  from space 512K, 100% used [0x042d0000, 0x04350000, 0x04350000)
  to   space 512K,   0% used [0x04250000, 0x04250000, 0x042d0000)
 tenured generation   total 10944K, used 6584K [0x09350000, 0x09e00000, 0x13e00000)
   the space 10944K,  60% used [0x09350000, 0x099be210, 0x099be400, 0x09e00000)
 Metaspace       used 10694K, capacity 11223K, committed 11264K, reserved 11648K

Card table byte_map: [0x00a60000,0x00af0000] byte_map_base: 0x00a41000

Polling page: 0x00170000

CodeCache: size=32768Kb used=1662Kb max_used=1662Kb free=31105Kb
 bounds [0x01d20000, 0x01ec0000, 0x03d20000]
 total_blobs=832 nmethods=651 adapters=120
 compilation: enabled

Compilation events (10 events):
Event: 9.318 Thread 0x142d9400  658             java.lang.Character::hashCode (2 bytes)
Event: 9.318 Thread 0x142d9400 nmethod 658 0x01ebb6c8 code [0x01ebb7c0, 0x01ebb830]
Event: 9.318 Thread 0x142d9400  659             sun.nio.cs.UTF_8$Encoder::encodeArrayLoop (489 bytes)
Event: 9.320 Thread 0x142d9400 nmethod 659 0x01ebbc08 code [0x01ebbfb0, 0x01ebcd2c]
Event: 9.321 Thread 0x142d9400  660             java.util.regex.Pattern$Slice::match (79 bytes)
Event: 9.321 Thread 0x142d9400 nmethod 660 0x01ebeb88 code [0x01ebeca0, 0x01ebee18]
Event: 9.322 Thread 0x142d9400  661             sun.reflect.ClassFileAssembler::cpi (22 bytes)
Event: 9.322 Thread 0x142d9400 nmethod 661 0x01ebef48 code [0x01ebf050, 0x01ebf14c]
Event: 9.324 Thread 0x142d9400  662             org.testng.shaded.com.google.gson.stream.JsonWriter::string (171 bytes)
Event: 9.325 Thread 0x142d9400 nmethod 662 0x01ebf208 code [0x01ebf380, 0x01ebf698]

GC Heap History (10 events):
Event: 6.377 GC heap before
{Heap before GC invocations=6 (full 0):
 def new generation   total 4928K, used 4928K [0x03e00000, 0x04350000, 0x09350000)
  eden space 4416K, 100% used [0x03e00000, 0x04250000, 0x04250000)
  from space 512K, 100% used [0x04250000, 0x042d0000, 0x042d0000)
  to   space 512K,   0% used [0x042d0000, 0x042d0000, 0x04350000)
 tenured generation   total 10944K, used 4263K [0x09350000, 0x09e00000, 0x13e00000)
   the space 10944K,  38% used [0x09350000, 0x09779cc8, 0x09779e00, 0x09e00000)
 Metaspace       used 8058K, capacity 8225K, committed 8320K, reserved 8576K
Event: 6.380 GC heap after
Heap after GC invocations=7 (full 0):
 def new generation   total 4928K, used 512K [0x03e00000, 0x04350000, 0x09350000)
  eden space 4416K,   0% used [0x03e00000, 0x03e00000, 0x04250000)
  from space 512K, 100% used [0x042d0000, 0x04350000, 0x04350000)
  to   space 512K,   0% used [0x04250000, 0x04250000, 0x042d0000)
 tenured generation   total 10944K, used 4925K [0x09350000, 0x09e00000, 0x13e00000)
   the space 10944K,  45% used [0x09350000, 0x0981f6b0, 0x0981f800, 0x09e00000)
 Metaspace       used 8058K, capacity 8225K, committed 8320K, reserved 8576K
}
Event: 6.943 GC heap before
{Heap before GC invocations=7 (full 0):
 def new generation   total 4928K, used 4928K [0x03e00000, 0x04350000, 0x09350000)
  eden space 4416K, 100% used [0x03e00000, 0x04250000, 0x04250000)
  from space 512K, 100% used [0x042d0000, 0x04350000, 0x04350000)
  to   space 512K,   0% used [0x04250000, 0x04250000, 0x042d0000)
 tenured generation   total 10944K, used 4925K [0x09350000, 0x09e00000, 0x13e00000)
   the space 10944K,  45% used [0x09350000, 0x0981f6b0, 0x0981f800, 0x09e00000)
 Metaspace       used 8502K, capacity 8696K, committed 8704K, reserved 9600K
Event: 6.950 GC heap after
Heap after GC invocations=8 (full 0):
 def new generation   total 4928K, used 499K [0x03e00000, 0x04350000, 0x09350000)
  eden space 4416K,   0% used [0x03e00000, 0x03e00000, 0x04250000)
  from space 512K,  97% used [0x04250000, 0x042ccd68, 0x042d0000)
  to   space 512K,   0% used [0x042d0000, 0x042d0000, 0x04350000)
 tenured generation   total 10944K, used 5350K [0x09350000, 0x09e00000, 0x13e00000)
   the space 10944K,  48% used [0x09350000, 0x098899e8, 0x09889a00, 0x09e00000)
 Metaspace       used 8502K, capacity 8696K, committed 8704K, reserved 9600K
}
Event: 7.055 GC heap before
{Heap before GC invocations=8 (full 0):
 def new generation   total 4928K, used 4915K [0x03e00000, 0x04350000, 0x09350000)
  eden space 4416K, 100% used [0x03e00000, 0x04250000, 0x04250000)
  from space 512K,  97% used [0x04250000, 0x042ccd68, 0x042d0000)
  to   space 512K,   0% used [0x042d0000, 0x042d0000, 0x04350000)
 tenured generation   total 10944K, used 5350K [0x09350000, 0x09e00000, 0x13e00000)
   the space 10944K,  48% used [0x09350000, 0x098899e8, 0x09889a00, 0x09e00000)
 Metaspace       used 9203K, capacity 9552K, committed 9600K, reserved 9600K
Event: 7.057 GC heap after
Heap after GC invocations=9 (full 0):
 def new generation   total 4928K, used 511K [0x03e00000, 0x04350000, 0x09350000)
  eden space 4416K,   0% used [0x03e00000, 0x03e00000, 0x04250000)
  from space 512K,  99% used [0x042d0000, 0x0434fff8, 0x04350000)
  to   space 512K,   0% used [0x04250000, 0x04250000, 0x042d0000)
 tenured generation   total 10944K, used 5784K [0x09350000, 0x09e00000, 0x13e00000)
   the space 10944K,  52% used [0x09350000, 0x098f6268, 0x098f6400, 0x09e00000)
 Metaspace       used 9203K, capacity 9552K, committed 9600K, reserved 9600K
}
Event: 7.120 GC heap before
{Heap before GC invocations=9 (full 0):
 def new generation   total 4928K, used 4927K [0x03e00000, 0x04350000, 0x09350000)
  eden space 4416K, 100% used [0x03e00000, 0x04250000, 0x04250000)
  from space 512K,  99% used [0x042d0000, 0x0434fff8, 0x04350000)
  to   space 512K,   0% used [0x04250000, 0x04250000, 0x042d0000)
 tenured generation   total 10944K, used 5784K [0x09350000, 0x09e00000, 0x13e00000)
   the space 10944K,  52% used [0x09350000, 0x098f6268, 0x098f6400, 0x09e00000)
 Metaspace       used 9731K, capacity 10200K, committed 10240K, reserved 10624K
Event: 7.122 GC heap after
Heap after GC invocations=10 (full 0):
 def new generation   total 4928K, used 511K [0x03e00000, 0x04350000, 0x09350000)
  eden space 4416K,   0% used [0x03e00000, 0x03e00000, 0x04250000)
  from space 512K,  99% used [0x04250000, 0x042cfff8, 0x042d0000)
  to   space 512K,   0% used [0x042d0000, 0x042d0000, 0x04350000)
 tenured generation   total 10944K, used 6110K [0x09350000, 0x09e00000, 0x13e00000)
   the space 10944K,  55% used [0x09350000, 0x09947a38, 0x09947c00, 0x09e00000)
 Metaspace       used 9731K, capacity 10200K, committed 10240K, reserved 10624K
}
Event: 7.187 GC heap before
{Heap before GC invocations=10 (full 0):
 def new generation   total 4928K, used 4927K [0x03e00000, 0x04350000, 0x09350000)
  eden space 4416K, 100% used [0x03e00000, 0x04250000, 0x04250000)
  from space 512K,  99% used [0x04250000, 0x042cfff8, 0x042d0000)
  to   space 512K,   0% used [0x042d0000, 0x042d0000, 0x04350000)
 tenured generation   total 10944K, used 6110K [0x09350000, 0x09e00000, 0x13e00000)
   the space 10944K,  55% used [0x09350000, 0x09947a38, 0x09947c00, 0x09e00000)
 Metaspace       used 10317K, capacity 10804K, committed 10880K, reserved 11648K
Event: 7.190 GC heap after
Heap after GC invocations=11 (full 0):
 def new generation   total 4928K, used 512K [0x03e00000, 0x04350000, 0x09350000)
  eden space 4416K,   0% used [0x03e00000, 0x03e00000, 0x04250000)
  from space 512K, 100% used [0x042d0000, 0x04350000, 0x04350000)
  to   space 512K,   0% used [0x04250000, 0x04250000, 0x042d0000)
 tenured generation   total 10944K, used 6584K [0x09350000, 0x09e00000, 0x13e00000)
   the space 10944K,  60% used [0x09350000, 0x099be210, 0x099be400, 0x09e00000)
 Metaspace       used 10317K, capacity 10804K, committed 10880K, reserved 11648K
}

Deoptimization events (0 events):
No events

Classes redefined (3 events):
Event: 129.252 Thread 0x1427bc00 redefined class name=Tests, count=1
Event: 178.537 Thread 0x1427bc00 redefined class name=Tests, count=2
Event: 214.931 Thread 0x1427bc00 redefined class name=Tests, count=3

Internal exceptions (10 events):
Event: 6.198 Thread 0x00bbe800 Exception <a 'java/lang/NoSuchFieldError': method resolution failed> (0x0419cc20) thrown at [C:\workspace\8-2-build-windows-i586-cygwin\jdk8u181\11358\hotspot\src\share\vm\prims\methodHandles.cpp, line 1167]
Event: 6.203 Thread 0x00bbe800 Exception <a 'java/lang/NoSuchFieldError': method resolution failed> (0x041a9108) thrown at [C:\workspace\8-2-build-windows-i586-cygwin\jdk8u181\11358\hotspot\src\share\vm\prims\methodHandles.cpp, line 1167]
Event: 6.988 Thread 0x00bbe800 Exception <a 'java/lang/IncompatibleClassChangeError': Found class java.lang.Object, but interface was expected> (0x03e9de08) thrown at [C:\workspace\8-2-build-windows-i586-cygwin\jdk8u181\11358\hotspot\src\share\vm\interpreter\linkResolver.cpp, line 653]
Event: 6.992 Thread 0x00bbe800 Exception <a 'java/lang/NoSuchMethodError': java.lang.Object.lambda$or$2(Ljava/util/function/Predicate;Ljava/lang/Object;)Z> (0x03eab580) thrown at [C:\workspace\8-2-build-windows-i586-cygwin\jdk8u181\11358\hotspot\src\share\vm\interpreter\linkResolver.cp
Event: 7.016 Thread 0x00bbe800 Exception <a 'java/lang/ArrayIndexOutOfBoundsException'> (0x03fd7028) thrown at [C:\workspace\8-2-build-windows-i586-cygwin\jdk8u181\11358\hotspot\src\share\vm\runtime\sharedRuntime.cpp, line 605]
Event: 7.016 Thread 0x00bbe800 Exception <a 'java/lang/ArrayIndexOutOfBoundsException'> (0x03fd84b8) thrown at [C:\workspace\8-2-build-windows-i586-cygwin\jdk8u181\11358\hotspot\src\share\vm\runtime\sharedRuntime.cpp, line 605]
Event: 7.017 Thread 0x00bbe800 Exception <a 'java/lang/ArrayIndexOutOfBoundsException'> (0x03fddc38) thrown at [C:\workspace\8-2-build-windows-i586-cygwin\jdk8u181\11358\hotspot\src\share\vm\runtime\sharedRuntime.cpp, line 605]
Event: 7.017 Thread 0x00bbe800 Exception <a 'java/lang/ArrayIndexOutOfBoundsException'> (0x03fe2f08) thrown at [C:\workspace\8-2-build-windows-i586-cygwin\jdk8u181\11358\hotspot\src\share\vm\runtime\sharedRuntime.cpp, line 605]
Event: 7.046 Thread 0x00bbe800 Exception <a 'java/lang/NoSuchMethodError': java.lang.Object.lambda$chars$0()Ljava/util/Spliterator$OfInt;> (0x041c30c0) thrown at [C:\workspace\8-2-build-windows-i586-cygwin\jdk8u181\11358\hotspot\src\share\vm\interpreter\linkResolver.cpp, line 620]
Event: 9.272 Thread 0x00bbe800 Exception <a 'java/lang/NoSuchMethodError': java.lang.Object.lambda$getResponseFunction$0(Lorg/openqa/selenium/remote/InitialHandshakeResponse;)Lorg/openqa/selenium/remote/ProtocolHandshake$Result;> (0x03e8bdb8) thrown at [C:\workspace\8-2-build-windows-i

Events (10 events):
Event: 215.185 Executing VM operation: GetCurrentContendedMonitor done
Event: 215.228 Executing VM operation: GetCurrentContendedMonitor
Event: 215.228 Executing VM operation: GetCurrentContendedMonitor done
Event: 215.228 Executing VM operation: GetOwnedMonitorInfo
Event: 215.228 Executing VM operation: GetOwnedMonitorInfo done
Event: 219.952 Executing VM operation: GetOrSetLocal
Event: 219.952 Executing VM operation: GetOrSetLocal done
Event: 219.953 Executing VM operation: GetOrSetLocal
Event: 219.953 Executing VM operation: GetOrSetLocal done
Event: 219.956 Executing VM operation: GetOrSetLocal


Dynamic libraries:
0x010e0000 - 0x01113000 	C:\Program Files\Java\jre1.8.0_181\bin\javaw.exe
0x77590000 - 0x776d2000 	C:\Windows\SYSTEM32\ntdll.dll
0x774b0000 - 0x77585000 	C:\Windows\system32\kernel32.dll
0x753b0000 - 0x753fb000 	C:\Windows\system32\KERNELBASE.dll
0x758f0000 - 0x75991000 	C:\Windows\system32\ADVAPI32.dll
0x75840000 - 0x758ec000 	C:\Windows\system32\msvcrt.dll
0x77760000 - 0x77779000 	C:\Windows\SYSTEM32\sechost.dll
0x76dc0000 - 0x76e62000 	C:\Windows\system32\RPCRT4.dll
0x76cf0000 - 0x76db9000 	C:\Windows\system32\USER32.dll
0x76bb0000 - 0x76bfe000 	C:\Windows\system32\GDI32.dll
0x77750000 - 0x7775a000 	C:\Windows\system32\LPK.dll
0x75eb0000 - 0x75f4d000 	C:\Windows\system32\USP10.dll
0x73d60000 - 0x73efe000 	C:\Windows\WinSxS\x86_microsoft.windows.common-controls_6595b64144ccf1df_6.0.7601.24483_none_2b200f664577e14b\COMCTL32.dll
0x77780000 - 0x777d7000 	C:\Windows\system32\SHLWAPI.dll
0x76ca0000 - 0x76cbf000 	C:\Windows\system32\IMM32.DLL
0x75de0000 - 0x75eae000 	C:\Windows\system32\MSCTF.dll
0x61540000 - 0x615ff000 	C:\Program Files\Java\jre1.8.0_181\bin\msvcr100.dll
0x6cf90000 - 0x6d363000 	C:\Program Files\Java\jre1.8.0_181\bin\client\jvm.dll
0x6f660000 - 0x6f667000 	C:\Windows\system32\WSOCK32.dll
0x75800000 - 0x75835000 	C:\Windows\system32\WS2_32.dll
0x776e0000 - 0x776e6000 	C:\Windows\system32\NSI.dll
0x718d0000 - 0x71902000 	C:\Windows\system32\WINMM.dll
0x74790000 - 0x74799000 	C:\Windows\system32\VERSION.dll
0x776f0000 - 0x776f5000 	C:\Windows\system32\PSAPI.DLL
0x77c10000 - 0x77c1c000 	C:\Program Files\Java\jre1.8.0_181\bin\verify.dll
0x6d710000 - 0x6d732000 	C:\Program Files\Java\jre1.8.0_181\bin\java.dll
0x62090000 - 0x620bb000 	C:\Program Files\Java\jre1.8.0_181\bin\jdwp.dll
0x730a0000 - 0x730a7000 	C:\Program Files\Java\jre1.8.0_181\bin\npt.dll
0x77b80000 - 0x77b94000 	C:\Program Files\Java\jre1.8.0_181\bin\zip.dll
0x75f60000 - 0x76bac000 	C:\Windows\system32\SHELL32.dll
0x756a0000 - 0x757ff000 	C:\Windows\system32\ole32.dll
0x75310000 - 0x7531b000 	C:\Windows\system32\profapi.dll
0x73260000 - 0x73268000 	C:\Program Files\Java\jre1.8.0_181\bin\dt_socket.dll
0x742f0000 - 0x74300000 	C:\Windows\system32\NLAapi.dll
0x71db0000 - 0x71dc0000 	C:\Windows\system32\napinsp.dll
0x71d90000 - 0x71da2000 	C:\Windows\system32\pnrpnsp.dll
0x74cf0000 - 0x74d2c000 	C:\Windows\System32\mswsock.dll
0x74b10000 - 0x74b54000 	C:\Windows\system32\DNSAPI.dll
0x71d80000 - 0x71d88000 	C:\Windows\System32\winrnr.dll
0x73230000 - 0x7324c000 	C:\Windows\system32\IPHLPAPI.DLL
0x73220000 - 0x73227000 	C:\Windows\system32\WINNSI.DLL
0x73100000 - 0x73138000 	C:\Windows\System32\fwpuclnt.dll
0x71bb0000 - 0x71bb6000 	C:\Windows\system32\rasadhlp.dll
0x74820000 - 0x74825000 	C:\Windows\System32\wshtcpip.dll
0x66300000 - 0x66315000 	C:\Program Files\Java\jre1.8.0_181\bin\net.dll
0x74ce0000 - 0x74ce6000 	C:\Windows\System32\wship6.dll
0x74d30000 - 0x74d47000 	C:\Windows\system32\CRYPTSP.dll
0x74a00000 - 0x74a3b000 	C:\Windows\system32\rsaenh.dll
0x75410000 - 0x75429000 	C:\Windows\system32\USERENV.dll
0x75200000 - 0x7520c000 	C:\Windows\system32\CRYPTBASE.dll
0x72ea0000 - 0x72ead000 	C:\Windows\system32\dhcpcsvc6.DLL
0x73330000 - 0x73342000 	C:\Windows\system32\dhcpcsvc.DLL
0x67f60000 - 0x67f6f000 	C:\Program Files\Java\jre1.8.0_181\bin\nio.dll
0x77c90000 - 0x77cb0000 	C:\Program Files\Java\jre1.8.0_181\bin\sunec.dll
0x67b70000 - 0x67b79000 	C:\Program Files\Java\jre1.8.0_181\bin\sunmscapi.dll
0x75510000 - 0x75632000 	C:\Windows\system32\CRYPT32.dll
0x75320000 - 0x7532c000 	C:\Windows\system32\MSASN1.dll
0x751b0000 - 0x751fc000 	C:\Windows\system32\apphelp.dll
0x73390000 - 0x7347b000 	C:\Windows\system32\dbghelp.dll

VM Arguments:
jvm_args: -agentlib:jdwp=transport=dt_socket,suspend=y,address=localhost:54065 -ea -Dfile.encoding=UTF-8 
java_command: org.testng.remote.RemoteTestNG -serport 54064 -protocol json -d C:\zGitRepo\MavenProject\test-output C:\Users\Z1063452\AppData\Local\Temp\testng-eclipse--1068700302\testng-customsuite.xml
java_class_path (initial): C:\eclipse\configuration\org.eclipse.osgi\536\0\.cp\lib\testng-remote.jar;C:\Program Files\Java\jre1.8.0_181\lib\resources.jar;C:\Program Files\Java\jre1.8.0_181\lib\rt.jar;C:\Program Files\Java\jre1.8.0_181\lib\jsse.jar;C:\Program Files\Java\jre1.8.0_181\lib\jce.jar;C:\Program Files\Java\jre1.8.0_181\lib\charsets.jar;C:\Program Files\Java\jre1.8.0_181\lib\jfr.jar;C:\Program Files\Java\jre1.8.0_181\lib\ext\access-bridge.jar;C:\Program Files\Java\jre1.8.0_181\lib\ext\cldrdata.jar;C:\Program Files\Java\jre1.8.0_181\lib\ext\dnsns.jar;C:\Program Files\Java\jre1.8.0_181\lib\ext\jaccess.jar;C:\Program Files\Java\jre1.8.0_181\lib\ext\jfxrt.jar;C:\Program Files\Java\jre1.8.0_181\lib\ext\localedata.jar;C:\Program Files\Java\jre1.8.0_181\lib\ext\nashorn.jar;C:\Program Files\Java\jre1.8.0_181\lib\ext\sunec.jar;C:\Program Files\Java\jre1.8.0_181\lib\ext\sunjce_provider.jar;C:\Program Files\Java\jre1.8.0_181\lib\ext\sunmscapi.jar;C:\Program Files\Java\jre1.8.0_181\lib\ext\sunpkcs11.jar;C:\Program Files\Java\jre1.8.0_181\lib\ext\zipfs.jar;C:\zGitRepo\MavenProject\target\test-classes;C:\zGitRepo\MavenProject\target\classes;C:\Users\Z1063452\.m2\repository\org\seleniumhq\selenium\selenium-java\3.141.59\selenium-java-3.141.59.jar;C:\Users\Z1063452\.m2\repository\org\seleniumhq\selenium\selenium-api\3.141.59\selenium-api-3.141.59.jar;C:\Users\Z1063452\.m2\repository\org\seleniumhq\selenium\selenium-chrome-driver\3.141.59\selenium-chrome-driver-3.141.59.jar;C:\Users\Z1063452\.m2\repository\org\seleniumhq\selenium\selenium-edge-driver\3.141.59\selenium-edge-driver-3.141.59.jar;C:\Users\Z1063452\.m2\repository\org\seleniumhq\selenium\selenium-firefox-driver\3.141.59\selenium-firefox-driver-3.141.59.jar;C:\Users\Z1063452\.m2\repository\org\seleniumhq\selenium\selenium-ie-driver\3.141.59\selenium-ie-driver-3.141.59.jar;C:\Users\Z1063452\.m2\repository\org\seleniumhq\selenium\selenium-opera-driver\3.141.59\selenium-opera-driver-3.141.59.jar;C:\Users\Z1063452\.m
Launcher Type: SUN_STANDARD

Environment Variables:
PATH=C:/Program Files/Java/jre1.8.0_181/bin/client;C:/Program Files/Java/jre1.8.0_181/bin;C:/Program Files/Java/jre1.8.0_181/lib/i386;C:\Program Files\Common Files\Oracle\Java\javapath;C:\Program Files\RSA SecurID Token Common;C:\Windows\system32;C:\Windows;C:\Windows\System32\Wbem;C:\Windows\System32\WindowsPowerShell\v1.0\;C:\Program Files\Microsoft Application Virtualization Client;C:\Program Files\Sennheiser\SoftphoneSDK\;C:\Program Files\Webex\Webex\Applications;C:\eclipse;
USERNAME=Z1063452
OS=Windows_NT
PROCESSOR_IDENTIFIER=x86 Family 6 Model 94 Stepping 3, GenuineIntel



---------------  S Y S T E M  ---------------

OS: Windows 7 Build 7601 (6.1.7601.24511)

CPU:total 4 (initial active 4) (4 cores per cpu, 1 threads per core) family 6 model 94 stepping 3, cmov, cx8, fxsr, mmx, sse, sse2, sse3, ssse3, sse4.1, sse4.2, popcnt, avx, avx2, aes, clmul, erms, rtm, 3dnowpref, lzcnt, tsc, tscinvbit, bmi1, bmi2, adx

Memory: 4k page, physical 3554520k(1275076k free), swap 7107368k(3105244k free)

vm_info: Java HotSpot(TM) Client VM (25.181-b13) for windows-x86 JRE (1.8.0_181-b13), built on Jul  7 2018 03:18:20 by "java_re" with MS VC++ 10.0 (VS2010)

time: Tue Oct 01 09:13:04 2019
elapsed time: 220 seconds (0d 0h 3m 40s)

